Using pre-set license
Built from '6000.0/respin/6000.0.58f2-44b8bf3a32' branch; Version is '6000.0.58f2 (92dee566b325) revision 9625317'; Using compiler version '193933523'; Build Type 'Release'
OS: 'Windows 11  (10.0.26200) 64bit Professional' Language: 'en' Physical Memory: 32694 MB
BatchMode: 1, IsHumanControllingUs: 0, StartBugReporterOnCrash: 0, Is64bit: 1
Date: 2025-12-14T15:42:32Z

COMMAND LINE ARGUMENTS:
C:\Program Files\Unity\Hub\Editor\6000.0.58f2\Editor\Unity.exe
-adb2
-batchMode
-noUpm
-name
AssetImportWorker0
-projectPath
C:/Users/Josefino/Desktop/escola/ano3/semestre1/particula/veg
-logFile
Logs/AssetImportWorker0.log
-srvPort
64469
-job-worker-count
7
-background-job-worker-count
8
-gc-helper-count
1
-name
AssetImport
Successfully changed project path to: C:/Users/Josefino/Desktop/escola/ano3/semestre1/particula/veg
C:/Users/Josefino/Desktop/escola/ano3/semestre1/particula/veg
[UnityMemory] Configuration Parameters - Can be set up in boot.config
    "memorysetup-bucket-allocator-granularity=16"
    "memorysetup-bucket-allocator-bucket-count=8"
    "memorysetup-bucket-allocator-block-size=33554432"
    "memorysetup-bucket-allocator-block-count=8"
    "memorysetup-main-allocator-block-size=16777216"
    "memorysetup-thread-allocator-block-size=16777216"
    "memorysetup-gfx-main-allocator-block-size=16777216"
    "memorysetup-gfx-thread-allocator-block-size=16777216"
    "memorysetup-cache-allocator-block-size=4194304"
    "memorysetup-typetree-allocator-block-size=2097152"
    "memorysetup-profiler-bucket-allocator-granularity=16"
    "memorysetup-profiler-bucket-allocator-bucket-count=8"
    "memorysetup-profiler-bucket-allocator-block-size=33554432"
    "memorysetup-profiler-bucket-allocator-block-count=8"
    "memorysetup-profiler-allocator-block-size=16777216"
    "memorysetup-profiler-editor-allocator-block-size=1048576"
    "memorysetup-temp-allocator-size-main=16777216"
    "memorysetup-job-temp-allocator-block-size=2097152"
    "memorysetup-job-temp-allocator-block-size-background=1048576"
    "memorysetup-job-temp-allocator-reduction-small-platforms=262144"
    "memorysetup-allocator-temp-initial-block-size-main=262144"
    "memorysetup-allocator-temp-initial-block-size-worker=262144"
    "memorysetup-temp-allocator-size-background-worker=32768"
    "memorysetup-temp-allocator-size-job-worker=262144"
    "memorysetup-temp-allocator-size-preload-manager=33554432"
    "memorysetup-temp-allocator-size-nav-mesh-worker=65536"
    "memorysetup-temp-allocator-size-audio-worker=65536"
    "memorysetup-temp-allocator-size-cloud-worker=32768"
    "memorysetup-temp-allocator-size-gi-baking-worker=262144"
    "memorysetup-temp-allocator-size-gi-baking-worker=262144"
    "memorysetup-temp-allocator-size-gi-baking-worker=262144"
    "memorysetup-temp-allocator-size-gi-baking-worker=262144"
    "memorysetup-temp-allocator-size-gi-baking-worker=262144"
    "memorysetup-temp-allocator-size-gfx=262144"
Player connection [2340]  Target information:

Player connection [2340]  * "[IP] 192.168.2.19 [Port] 0 [Flags] 2 [Guid] 1168235601 [EditorId] 1168235601 [Version] 1048832 [Id] WindowsEditor(7,PC) [Debug] 1 [PackageName] WindowsEditor [ProjectName] Editor" 

Player connection [2340] Host joined multi-casting on [225.0.0.222:54997]...
Player connection [2340] Host joined alternative multi-casting on [225.0.0.222:34997]...
JobSystem: Creating JobQueue using job-worker-count value 7
Input System module state changed to: Initialized.
[Physics::Module] Initialized fallback backend.
[Physics::Module] Id: 0xdecafbad
Library Redirect Path: Library/
[Physics::Module] Selected backend.
[Physics::Module] Name: PhysX
[Physics::Module] Id: 0xf2b8ea05
[Physics::Module] SDK Version: 4.1.2
[Physics::Module] Integration Version: 1.0.0
[Physics::Module] Threading Mode: Multi-Threaded
Refreshing native plugins compatible for Editor in 1.67 ms, found 3 plugins.
Preloading 0 native plugins for Editor in 0.00 ms.
Initialize engine version: 6000.0.58f2 (92dee566b325)
[Subsystems] Discovering subsystems at path C:/Program Files/Unity/Hub/Editor/6000.0.58f2/Editor/Data/Resources/UnitySubsystems
[Subsystems] Discovering subsystems at path C:/Users/Josefino/Desktop/escola/ano3/semestre1/particula/veg/Assets
GfxDevice: creating device client; kGfxThreadingModeNonThreaded
Direct3D:
    Version:  Direct3D 11.0 [level 11.1]
    Renderer: NVIDIA GeForce GTX 1060 3GB (ID=0x1c02)
    Vendor:   NVIDIA
    VRAM:     2965 MB
    Driver:   32.0.15.8142
Initialize mono
Mono path[0] = 'C:/Program Files/Unity/Hub/Editor/6000.0.58f2/Editor/Data/Managed'
Mono path[1] = 'C:/Program Files/Unity/Hub/Editor/6000.0.58f2/Editor/Data/MonoBleedingEdge/lib/mono/unityjit-win32'
Mono config path = 'C:/Program Files/Unity/Hub/Editor/6000.0.58f2/Editor/Data/MonoBleedingEdge/etc'
Using monoOptions --debugger-agent=transport=dt_socket,embedding=1,server=y,suspend=n,address=127.0.0.1:56428
Begin MonoManager ReloadAssembly
Registering precompiled unity dll's ...
Register platform support module: C:/Program Files/Unity/Hub/Editor/6000.0.58f2/Editor/Data/PlaybackEngines/WindowsStandaloneSupport/UnityEditor.WindowsStandalone.Extensions.dll
Registered in 0.003526 seconds.
- Loaded All Assemblies, in  0.369 seconds
Native extension for WindowsStandalone target not found
Mono: successfully reloaded assembly
- Finished resetting the current domain, in  0.305 seconds
Domain Reload Profiling: 672ms
	BeginReloadAssembly (121ms)
		ExecutionOrderSort (0ms)
		DisableScriptedObjects (0ms)
		BackupInstance (0ms)
		ReleaseScriptingObjects (0ms)
		CreateAndSetChildDomain (1ms)
	RebuildCommonClasses (34ms)
	RebuildNativeTypeToScriptingClass (11ms)
	initialDomainReloadingComplete (50ms)
	LoadAllAssembliesAndSetupDomain (151ms)
		LoadAssemblies (117ms)
		RebuildTransferFunctionScriptingTraits (0ms)
		AnalyzeDomain (148ms)
			TypeCache.Refresh (147ms)
				TypeCache.ScanAssembly (134ms)
			BuildScriptInfoCaches (0ms)
			ResolveRequiredComponents (0ms)
	FinalizeReload (305ms)
		ReleaseScriptCaches (0ms)
		RebuildScriptCaches (0ms)
		SetupLoadedEditorAssemblies (264ms)
			LogAssemblyErrors (0ms)
			InitializePlatformSupportModulesInManaged (22ms)
			SetLoadedEditorAssemblies (3ms)
			BeforeProcessingInitializeOnLoad (52ms)
			ProcessInitializeOnLoadAttributes (137ms)
			ProcessInitializeOnLoadMethodAttributes (49ms)
			AfterProcessingInitializeOnLoad (0ms)
			EditorAssembliesLoaded (0ms)
		ExecutionOrderSort2 (0ms)
		AwakeInstancesAfterBackupRestoration (0ms)
========================================================================
Worker process is ready to serve import requests
Import Worker Mode flag is 0x00
Begin MonoManager ReloadAssembly
- Loaded All Assemblies, in  0.751 seconds
Refreshing native plugins compatible for Editor in 0.91 ms, found 3 plugins.
Native extension for WindowsStandalone target not found
Package Manager log level set to [2]
[Package Manager] Failed to launch server process. Reason: Unity was launched with the -noUpm command-line argument
[Package Manager] Unable to send message (not connected to server process).
[Package Manager] Cannot connect to Unity Package Manager local server
Mono: successfully reloaded assembly
- Finished resetting the current domain, in  0.823 seconds
Domain Reload Profiling: 1567ms
	BeginReloadAssembly (157ms)
		ExecutionOrderSort (0ms)
		DisableScriptedObjects (6ms)
		BackupInstance (0ms)
		ReleaseScriptingObjects (0ms)
		CreateAndSetChildDomain (28ms)
	RebuildCommonClasses (32ms)
	RebuildNativeTypeToScriptingClass (12ms)
	initialDomainReloadingComplete (37ms)
	LoadAllAssembliesAndSetupDomain (505ms)
		LoadAssemblies (358ms)
		RebuildTransferFunctionScriptingTraits (0ms)
		AnalyzeDomain (232ms)
			TypeCache.Refresh (173ms)
				TypeCache.ScanAssembly (160ms)
			BuildScriptInfoCaches (46ms)
			ResolveRequiredComponents (10ms)
	FinalizeReload (823ms)
		ReleaseScriptCaches (0ms)
		RebuildScriptCaches (0ms)
		SetupLoadedEditorAssemblies (639ms)
			LogAssemblyErrors (0ms)
			InitializePlatformSupportModulesInManaged (2ms)
			SetLoadedEditorAssemblies (4ms)
			BeforeProcessingInitializeOnLoad (109ms)
			ProcessInitializeOnLoadAttributes (466ms)
			ProcessInitializeOnLoadMethodAttributes (48ms)
			AfterProcessingInitializeOnLoad (9ms)
			EditorAssembliesLoaded (0ms)
		ExecutionOrderSort2 (0ms)
		AwakeInstancesAfterBackupRestoration (6ms)
Launched and connected shader compiler UnityShaderCompiler.exe after 0.01 seconds
Refreshing native plugins compatible for Editor in 3.07 ms, found 3 plugins.
Preloading 0 native plugins for Editor in 0.00 ms.
Unloading 33 Unused Serialized files (Serialized files now loaded: 0)
Unloading 6726 unused Assets / (7.1 MB). Loaded Objects now: 7425.
Memory consumption went from 146.5 MB to 139.4 MB.
Total: 12.852200 ms (FindLiveObjects: 1.223200 ms CreateObjectMapping: 0.893200 ms MarkObjects: 6.071500 ms  DeleteObjects: 4.663400 ms)

========================================================================
Received Import Request.
  Time since last request: 248941.883763 seconds.
  path: Assets/BEAM/vfx_verticalBeam_vtut.vfx
  artifactKey: Guid(04e9da2f8b8cee144b5992ead6684777) Importer(815301076,1909f56bfc062723c751e8b465ee728b)
Start importing Assets/BEAM/vfx_verticalBeam_vtut.vfx using Guid(04e9da2f8b8cee144b5992ead6684777) Importer(815301076,1909f56bfc062723c751e8b465ee728b) (PreviewImporter) -> (artifact id: '3f5fc772f37946de5a536a1c82e7fa61') in 0.0484594 seconds
Number of updated asset objects reloaded before import = 0Number of asset objects unloaded after import = 31

========================================================================
Received Import Request.
  Time since last request: 12.885982 seconds.
  path: Assets/BEAM/vfx_verticalBeam_vtut.vfx
  artifactKey: Guid(04e9da2f8b8cee144b5992ead6684777) Importer(815301076,1909f56bfc062723c751e8b465ee728b)
Start importing Assets/BEAM/vfx_verticalBeam_vtut.vfx using Guid(04e9da2f8b8cee144b5992ead6684777) Importer(815301076,1909f56bfc062723c751e8b465ee728b) (PreviewImporter) -> (artifact id: '3a0fa2f26c34d832a3559487207eea82') in 0.0085142 seconds
Number of updated asset objects reloaded before import = 6Number of asset objects unloaded after import = 26

========================================================================
Received Import Request.
  Time since last request: 12.978254 seconds.
  path: Assets/BEAM/vfx_verticalBeam_vtut.vfx
  artifactKey: Guid(04e9da2f8b8cee144b5992ead6684777) Importer(815301076,1909f56bfc062723c751e8b465ee728b)
Start importing Assets/BEAM/vfx_verticalBeam_vtut.vfx using Guid(04e9da2f8b8cee144b5992ead6684777) Importer(815301076,1909f56bfc062723c751e8b465ee728b) (PreviewImporter) -> (artifact id: '5f864df738c9a74493768b657350e411') in 0.0106912 seconds
Number of updated asset objects reloaded before import = 5Number of asset objects unloaded after import = 32

========================================================================
Received Import Request.
  Time since last request: 18.964813 seconds.
  path: Assets/BEAM/vfx_verticalBeam_vtut.vfx
  artifactKey: Guid(04e9da2f8b8cee144b5992ead6684777) Importer(815301076,1909f56bfc062723c751e8b465ee728b)
Start importing Assets/BEAM/vfx_verticalBeam_vtut.vfx using Guid(04e9da2f8b8cee144b5992ead6684777) Importer(815301076,1909f56bfc062723c751e8b465ee728b) (PreviewImporter) -> (artifact id: 'b49b51fd37849ae76d68eb7d4e73cc02') in 0.0091022 seconds
Number of updated asset objects reloaded before import = 5Number of asset objects unloaded after import = 32

========================================================================
Received Import Request.
  Time since last request: 1.441050 seconds.
  path: Assets/BEAM/vfx_verticalBeam_vtut.vfx
  artifactKey: Guid(04e9da2f8b8cee144b5992ead6684777) Importer(815301076,1909f56bfc062723c751e8b465ee728b)
Start importing Assets/BEAM/vfx_verticalBeam_vtut.vfx using Guid(04e9da2f8b8cee144b5992ead6684777) Importer(815301076,1909f56bfc062723c751e8b465ee728b) (PreviewImporter) -> (artifact id: '81271d26edde10a24dd559b3074609ab') in 0.0103614 seconds
Number of updated asset objects reloaded before import = 5Number of asset objects unloaded after import = 32

========================================================================
Received Import Request.
  Time since last request: 1.780694 seconds.
  path: Assets/BEAM/vfx_verticalBeam_vtut.vfx
  artifactKey: Guid(04e9da2f8b8cee144b5992ead6684777) Importer(815301076,1909f56bfc062723c751e8b465ee728b)
Start importing Assets/BEAM/vfx_verticalBeam_vtut.vfx using Guid(04e9da2f8b8cee144b5992ead6684777) Importer(815301076,1909f56bfc062723c751e8b465ee728b) (PreviewImporter) -> (artifact id: '04cfa4fd6aeba7231e3ad15840d121c7') in 0.0101062 seconds
Number of updated asset objects reloaded before import = 5Number of asset objects unloaded after import = 32

========================================================================
Received Import Request.
  Time since last request: 7.264009 seconds.
  path: Assets/BEAM/vfx_verticalBeam_vtut.vfx
  artifactKey: Guid(04e9da2f8b8cee144b5992ead6684777) Importer(815301076,1909f56bfc062723c751e8b465ee728b)
Start importing Assets/BEAM/vfx_verticalBeam_vtut.vfx using Guid(04e9da2f8b8cee144b5992ead6684777) Importer(815301076,1909f56bfc062723c751e8b465ee728b) (PreviewImporter) -> (artifact id: '8db9fd22c5e384e15156cc47985fa942') in 0.0116126 seconds
Number of updated asset objects reloaded before import = 5Number of asset objects unloaded after import = 32

========================================================================
Received Import Request.
  Time since last request: 45.222578 seconds.
  path: Assets/BEAM/vfx_verticalBeam_vtut.vfx
  artifactKey: Guid(04e9da2f8b8cee144b5992ead6684777) Importer(815301076,1909f56bfc062723c751e8b465ee728b)
Start importing Assets/BEAM/vfx_verticalBeam_vtut.vfx using Guid(04e9da2f8b8cee144b5992ead6684777) Importer(815301076,1909f56bfc062723c751e8b465ee728b) (PreviewImporter) -> (artifact id: '48129a05f1a788cc6ec91b162f1fdbe5') in 0.0151269 seconds
Number of updated asset objects reloaded before import = 5Number of asset objects unloaded after import = 32

========================================================================
Received Import Request.
  Time since last request: 430.713355 seconds.
  path: Assets/BEAM/vfx_verticalBeam_vtut.vfx
  artifactKey: Guid(04e9da2f8b8cee144b5992ead6684777) Importer(815301076,1909f56bfc062723c751e8b465ee728b)
Start importing Assets/BEAM/vfx_verticalBeam_vtut.vfx using Guid(04e9da2f8b8cee144b5992ead6684777) Importer(815301076,1909f56bfc062723c751e8b465ee728b) (PreviewImporter) -> (artifact id: 'f552bc523065c67344ede6ca466d9e5a') in 0.0110173 seconds
Number of updated asset objects reloaded before import = 5Number of asset objects unloaded after import = 32

========================================================================
Received Import Request.
  Time since last request: 5.626703 seconds.
  path: Assets/BEAM/vfx_verticalBeam_vtut.vfx
  artifactKey: Guid(04e9da2f8b8cee144b5992ead6684777) Importer(815301076,1909f56bfc062723c751e8b465ee728b)
Start importing Assets/BEAM/vfx_verticalBeam_vtut.vfx using Guid(04e9da2f8b8cee144b5992ead6684777) Importer(815301076,1909f56bfc062723c751e8b465ee728b) (PreviewImporter) -> (artifact id: '38e45fe35ed3c619f8826a7685cba627') in 0.0106933 seconds
Number of updated asset objects reloaded before import = 5Number of asset objects unloaded after import = 32

========================================================================
Received Import Request.
  Time since last request: 7880.219487 seconds.
  path: Assets/BEAM/ExplosionShaderTUT.shadergraph
  artifactKey: Guid(cdafb4a8c38697741971cbbb0691c465) Importer(815301076,1909f56bfc062723c751e8b465ee728b)
Start importing Assets/BEAM/ExplosionShaderTUT.shadergraph using Guid(cdafb4a8c38697741971cbbb0691c465) Importer(815301076,1909f56bfc062723c751e8b465ee728b) (PreviewImporter) -> (artifact id: 'e8175a0653b36b5c6bb0ea1e5f72f2c5') in 0.9661156 seconds
Number of updated asset objects reloaded before import = 6Number of asset objects unloaded after import = 5

========================================================================
Received Import Request.
  Time since last request: 15.593521 seconds.
  path: Assets/BEAM/vfx_verticalBeam_vtut.vfx
  artifactKey: Guid(04e9da2f8b8cee144b5992ead6684777) Importer(815301076,1909f56bfc062723c751e8b465ee728b)
Start importing Assets/BEAM/vfx_verticalBeam_vtut.vfx using Guid(04e9da2f8b8cee144b5992ead6684777) Importer(815301076,1909f56bfc062723c751e8b465ee728b) (PreviewImporter) -> (artifact id: '96a18a1c492c2b467cbc9ad249a070cc') in 1.0653777 seconds
Number of updated asset objects reloaded before import = 5Number of asset objects unloaded after import = 31

========================================================================
Received Import Request.
  Time since last request: 127.440425 seconds.
  path: Assets/BEAM/TesTexplosionMat.mat
  artifactKey: Guid(d20ec80b15220434783bbd737fcbddb3) Importer(815301076,1909f56bfc062723c751e8b465ee728b)
Start importing Assets/BEAM/TesTexplosionMat.mat using Guid(d20ec80b15220434783bbd737fcbddb3) Importer(815301076,1909f56bfc062723c751e8b465ee728b) (PreviewImporter) -> (artifact id: '0aa9e3b6098f9edde75d3bc53b73803b') in 0.0152834 seconds
Number of updated asset objects reloaded before import = 5Number of asset objects unloaded after import = 6

========================================================================
Received Import Request.
  Time since last request: 26.364527 seconds.
  path: Assets/BEAM/vfx_verticalBeam_vtut.vfx
  artifactKey: Guid(04e9da2f8b8cee144b5992ead6684777) Importer(815301076,1909f56bfc062723c751e8b465ee728b)
Start importing Assets/BEAM/vfx_verticalBeam_vtut.vfx using Guid(04e9da2f8b8cee144b5992ead6684777) Importer(815301076,1909f56bfc062723c751e8b465ee728b) (PreviewImporter) -> (artifact id: 'acbeb3ed04aa1e464f837a45d2c769a2') in 1.0588186 seconds
Number of updated asset objects reloaded before import = 0Number of asset objects unloaded after import = 31

========================================================================
Received Import Request.
  Time since last request: 13.298025 seconds.
  path: Assets/BEAM/vfx_verticalBeam_vtut.vfx
  artifactKey: Guid(04e9da2f8b8cee144b5992ead6684777) Importer(815301076,1909f56bfc062723c751e8b465ee728b)
Start importing Assets/BEAM/vfx_verticalBeam_vtut.vfx using Guid(04e9da2f8b8cee144b5992ead6684777) Importer(815301076,1909f56bfc062723c751e8b465ee728b) (PreviewImporter) -> (artifact id: '53390d03cff55612acd8ccb41d14b0f9') in 1.22491 seconds
Number of updated asset objects reloaded before import = 6Number of asset objects unloaded after import = 31

========================================================================
Received Import Request.
  Time since last request: 266.502776 seconds.
  path: Assets/BEAM/vfx_verticalBeam_vtut.vfx
  artifactKey: Guid(04e9da2f8b8cee144b5992ead6684777) Importer(815301076,1909f56bfc062723c751e8b465ee728b)
Start importing Assets/BEAM/vfx_verticalBeam_vtut.vfx using Guid(04e9da2f8b8cee144b5992ead6684777) Importer(815301076,1909f56bfc062723c751e8b465ee728b) (PreviewImporter) -> (artifact id: '63e2e66def9bf535b439618df0ca6e9c') in 1.2691079 seconds
Number of updated asset objects reloaded before import = 6Number of asset objects unloaded after import = 31

========================================================================
Received Import Request.
  Time since last request: 60.338712 seconds.
  path: Assets/BEAM/vfx_verticalBeam_vtut.vfx
  artifactKey: Guid(04e9da2f8b8cee144b5992ead6684777) Importer(815301076,1909f56bfc062723c751e8b465ee728b)
Start importing Assets/BEAM/vfx_verticalBeam_vtut.vfx using Guid(04e9da2f8b8cee144b5992ead6684777) Importer(815301076,1909f56bfc062723c751e8b465ee728b) (PreviewImporter) -> (artifact id: '8f3d52e47f7c29bb645176f478a64efe') in 0.9935694 seconds
Number of updated asset objects reloaded before import = 5Number of asset objects unloaded after import = 31

========================================================================
Received Import Request.
  Time since last request: 37.785862 seconds.
  path: Assets/BEAM/vfx_verticalBeam_vtut.vfx
  artifactKey: Guid(04e9da2f8b8cee144b5992ead6684777) Importer(815301076,1909f56bfc062723c751e8b465ee728b)
Start importing Assets/BEAM/vfx_verticalBeam_vtut.vfx using Guid(04e9da2f8b8cee144b5992ead6684777) Importer(815301076,1909f56bfc062723c751e8b465ee728b) (PreviewImporter) -> (artifact id: '8bb2e9b2dc58091839ed1962b84afee4') in 1.2137802 seconds
Number of updated asset objects reloaded before import = 5Number of asset objects unloaded after import = 32

========================================================================
Received Import Request.
  Time since last request: 359.651328 seconds.
  path: Assets/BEAM/test.mat
  artifactKey: Guid(3d7ec66edb8ddb140a0d6a396e98dc69) Importer(815301076,1909f56bfc062723c751e8b465ee728b)
Start importing Assets/BEAM/test.mat using Guid(3d7ec66edb8ddb140a0d6a396e98dc69) Importer(815301076,1909f56bfc062723c751e8b465ee728b) (PreviewImporter) -> (artifact id: '56a539a35365381d26705b25615af23f') in 0.0190269 seconds
Number of updated asset objects reloaded before import = 6Number of asset objects unloaded after import = 6

========================================================================
Received Import Request.
  Time since last request: 996.718399 seconds.
  path: Assets/BEAM/vfx_verticalBeam_vtut.vfx
  artifactKey: Guid(04e9da2f8b8cee144b5992ead6684777) Importer(815301076,1909f56bfc062723c751e8b465ee728b)
Start importing Assets/BEAM/vfx_verticalBeam_vtut.vfx using Guid(04e9da2f8b8cee144b5992ead6684777) Importer(815301076,1909f56bfc062723c751e8b465ee728b) (PreviewImporter) -> (artifact id: 'e60d9bf1cb38221d22792c82583688eb') in 1.04205 seconds
Number of updated asset objects reloaded before import = 0Number of asset objects unloaded after import = 31

========================================================================
Received Import Request.
  Time since last request: 1233.918753 seconds.
  path: Assets/BEAM/vfx_verticalBeam_vtut.vfx
  artifactKey: Guid(04e9da2f8b8cee144b5992ead6684777) Importer(815301076,1909f56bfc062723c751e8b465ee728b)
Start importing Assets/BEAM/vfx_verticalBeam_vtut.vfx using Guid(04e9da2f8b8cee144b5992ead6684777) Importer(815301076,1909f56bfc062723c751e8b465ee728b) (PreviewImporter) -> (artifact id: 'b141b57b5a7a16511361032c36fd033b') in 1.1619603 seconds
Number of updated asset objects reloaded before import = 6Number of asset objects unloaded after import = 32

========================================================================
Received Import Request.
  Time since last request: 658.659246 seconds.
  path: Assets/BEAM/vfx_verticalBeam_vtut.vfx
  artifactKey: Guid(04e9da2f8b8cee144b5992ead6684777) Importer(815301076,1909f56bfc062723c751e8b465ee728b)
Start importing Assets/BEAM/vfx_verticalBeam_vtut.vfx using Guid(04e9da2f8b8cee144b5992ead6684777) Importer(815301076,1909f56bfc062723c751e8b465ee728b) (PreviewImporter) -> (artifact id: 'f608ad56a6fd3b5b730ba36cec766dbe') in 1.1456923 seconds
Number of updated asset objects reloaded before import = 6Number of asset objects unloaded after import = 32

========================================================================
Received Import Request.
  Time since last request: 25.411445 seconds.
  path: Assets/BEAM/vfx_verticalBeam_vtut.vfx
  artifactKey: Guid(04e9da2f8b8cee144b5992ead6684777) Importer(815301076,1909f56bfc062723c751e8b465ee728b)
Start importing Assets/BEAM/vfx_verticalBeam_vtut.vfx using Guid(04e9da2f8b8cee144b5992ead6684777) Importer(815301076,1909f56bfc062723c751e8b465ee728b) (PreviewImporter) -> (artifact id: 'f7290e25788085cf322ef89cc34af499') in 0.9439081 seconds
Number of updated asset objects reloaded before import = 5Number of asset objects unloaded after import = 32

========================================================================
Received Import Request.
  Time since last request: 11.944575 seconds.
  path: Assets/BEAM/vfx_verticalBeam_vtut.vfx
  artifactKey: Guid(04e9da2f8b8cee144b5992ead6684777) Importer(815301076,1909f56bfc062723c751e8b465ee728b)
Start importing Assets/BEAM/vfx_verticalBeam_vtut.vfx using Guid(04e9da2f8b8cee144b5992ead6684777) Importer(815301076,1909f56bfc062723c751e8b465ee728b) (PreviewImporter) -> (artifact id: 'ffb937eae38c433badf588901aced78d') in 0.9357943 seconds
Number of updated asset objects reloaded before import = 5Number of asset objects unloaded after import = 32

========================================================================
Received Import Request.
  Time since last request: 636.824194 seconds.
  path: Assets/BEAM/vfx_verticalBeam_vtut.vfx
  artifactKey: Guid(04e9da2f8b8cee144b5992ead6684777) Importer(815301076,1909f56bfc062723c751e8b465ee728b)
Start importing Assets/BEAM/vfx_verticalBeam_vtut.vfx using Guid(04e9da2f8b8cee144b5992ead6684777) Importer(815301076,1909f56bfc062723c751e8b465ee728b) (PreviewImporter) -> (artifact id: '060bfe2d35fe529e6b9ff642236b836f') in 0.9801136 seconds
Number of updated asset objects reloaded before import = 6Number of asset objects unloaded after import = 32

========================================================================
Received Import Request.
  Time since last request: 71.360787 seconds.
  path: Assets/BEAM/vfx_verticalBeam_vtut.vfx
  artifactKey: Guid(04e9da2f8b8cee144b5992ead6684777) Importer(815301076,1909f56bfc062723c751e8b465ee728b)
Start importing Assets/BEAM/vfx_verticalBeam_vtut.vfx using Guid(04e9da2f8b8cee144b5992ead6684777) Importer(815301076,1909f56bfc062723c751e8b465ee728b) (PreviewImporter) -> (artifact id: 'ac873780e345320ae895b64668eae1c1') in 0.9733798 seconds
Number of updated asset objects reloaded before import = 5Number of asset objects unloaded after import = 32

========================================================================
Received Import Request.
  Time since last request: 15.062351 seconds.
  path: Assets/BEAM/vfx_verticalBeam_vtut.vfx
  artifactKey: Guid(04e9da2f8b8cee144b5992ead6684777) Importer(815301076,1909f56bfc062723c751e8b465ee728b)
Start importing Assets/BEAM/vfx_verticalBeam_vtut.vfx using Guid(04e9da2f8b8cee144b5992ead6684777) Importer(815301076,1909f56bfc062723c751e8b465ee728b) (PreviewImporter) -> (artifact id: 'fa5ccd40fa498f0f76adbf5e187459f4') in 0.9562471 seconds
Number of updated asset objects reloaded before import = 5Number of asset objects unloaded after import = 32

========================================================================
Received Import Request.
  Time since last request: 11.174512 seconds.
  path: Assets/BEAM/vfx_verticalBeam_vtut.vfx
  artifactKey: Guid(04e9da2f8b8cee144b5992ead6684777) Importer(815301076,1909f56bfc062723c751e8b465ee728b)
Start importing Assets/BEAM/vfx_verticalBeam_vtut.vfx using Guid(04e9da2f8b8cee144b5992ead6684777) Importer(815301076,1909f56bfc062723c751e8b465ee728b) (PreviewImporter) -> (artifact id: '0e4ee0bb336ca39851096a68c7de7fb1') in 0.9296274 seconds
Number of updated asset objects reloaded before import = 5Number of asset objects unloaded after import = 32

========================================================================
Received Import Request.
  Time since last request: 13.312960 seconds.
  path: Assets/BEAM/vfx_verticalBeam_vtut.vfx
  artifactKey: Guid(04e9da2f8b8cee144b5992ead6684777) Importer(815301076,1909f56bfc062723c751e8b465ee728b)
Start importing Assets/BEAM/vfx_verticalBeam_vtut.vfx using Guid(04e9da2f8b8cee144b5992ead6684777) Importer(815301076,1909f56bfc062723c751e8b465ee728b) (PreviewImporter) -> (artifact id: '94dfd4c0e850f8b418f62cceb67cd435') in 0.9358247 seconds
Number of updated asset objects reloaded before import = 5Number of asset objects unloaded after import = 32

========================================================================
Received Import Request.
  Time since last request: 92.710584 seconds.
  path: Assets/BEAM/vfx_verticalBeam_vtut.vfx
  artifactKey: Guid(04e9da2f8b8cee144b5992ead6684777) Importer(815301076,1909f56bfc062723c751e8b465ee728b)
Start importing Assets/BEAM/vfx_verticalBeam_vtut.vfx using Guid(04e9da2f8b8cee144b5992ead6684777) Importer(815301076,1909f56bfc062723c751e8b465ee728b) (PreviewImporter) -> (artifact id: '9a2e8de4df50b18e5b1c093bf650d615') in 0.9359561 seconds
Number of updated asset objects reloaded before import = 5Number of asset objects unloaded after import = 32

========================================================================
Received Import Request.
  Time since last request: 59.031177 seconds.
  path: Assets/BEAM/vfx_verticalBeam_vtut.vfx
  artifactKey: Guid(04e9da2f8b8cee144b5992ead6684777) Importer(815301076,1909f56bfc062723c751e8b465ee728b)
Start importing Assets/BEAM/vfx_verticalBeam_vtut.vfx using Guid(04e9da2f8b8cee144b5992ead6684777) Importer(815301076,1909f56bfc062723c751e8b465ee728b) (PreviewImporter) -> (artifact id: 'cf6b5a4a692979ff6387e86181de2f13') in 0.9489731 seconds
Number of updated asset objects reloaded before import = 5Number of asset objects unloaded after import = 27

========================================================================
Received Import Request.
  Time since last request: 35.384828 seconds.
  path: Assets/BEAM/vfx_verticalBeam_vtut.vfx
  artifactKey: Guid(04e9da2f8b8cee144b5992ead6684777) Importer(815301076,1909f56bfc062723c751e8b465ee728b)
Start importing Assets/BEAM/vfx_verticalBeam_vtut.vfx using Guid(04e9da2f8b8cee144b5992ead6684777) Importer(815301076,1909f56bfc062723c751e8b465ee728b) (PreviewImporter) -> (artifact id: '63371adc26cdd55b5f2480d21214de14') in 0.9465445 seconds
Number of updated asset objects reloaded before import = 5Number of asset objects unloaded after import = 32

========================================================================
Received Import Request.
  Time since last request: 7.457985 seconds.
  path: Assets/BEAM/vfx_verticalBeam_vtut.vfx
  artifactKey: Guid(04e9da2f8b8cee144b5992ead6684777) Importer(815301076,1909f56bfc062723c751e8b465ee728b)
Start importing Assets/BEAM/vfx_verticalBeam_vtut.vfx using Guid(04e9da2f8b8cee144b5992ead6684777) Importer(815301076,1909f56bfc062723c751e8b465ee728b) (PreviewImporter) -> (artifact id: 'a4edf6bf8f293a45fbfc70ea04daad4e') in 0.9572559 seconds
Number of updated asset objects reloaded before import = 5Number of asset objects unloaded after import = 32

========================================================================
Received Import Request.
  Time since last request: 61.812573 seconds.
  path: Assets/BEAM/vfx_verticalBeam_vtut.vfx
  artifactKey: Guid(04e9da2f8b8cee144b5992ead6684777) Importer(815301076,1909f56bfc062723c751e8b465ee728b)
Start importing Assets/BEAM/vfx_verticalBeam_vtut.vfx using Guid(04e9da2f8b8cee144b5992ead6684777) Importer(815301076,1909f56bfc062723c751e8b465ee728b) (PreviewImporter) -> (artifact id: '561569e83a113989d07a5312047344fb') in 1.1859507 seconds
Number of updated asset objects reloaded before import = 5Number of asset objects unloaded after import = 32

========================================================================
Received Import Request.
  Time since last request: 9.167184 seconds.
  path: Assets/BEAM/vfx_verticalBeam_vtut.vfx
  artifactKey: Guid(04e9da2f8b8cee144b5992ead6684777) Importer(815301076,1909f56bfc062723c751e8b465ee728b)
Start importing Assets/BEAM/vfx_verticalBeam_vtut.vfx using Guid(04e9da2f8b8cee144b5992ead6684777) Importer(815301076,1909f56bfc062723c751e8b465ee728b) (PreviewImporter) -> (artifact id: 'f8b03f2ba85094c9e3994015bcb5fcfa') in 0.9383313 seconds
Number of updated asset objects reloaded before import = 5Number of asset objects unloaded after import = 32

========================================================================
Received Import Request.
  Time since last request: 9800.714712 seconds.
  path: Assets/BEAM/vfx_verticalBeam_vtut.vfx
  artifactKey: Guid(04e9da2f8b8cee144b5992ead6684777) Importer(815301076,1909f56bfc062723c751e8b465ee728b)
Start importing Assets/BEAM/vfx_verticalBeam_vtut.vfx using Guid(04e9da2f8b8cee144b5992ead6684777) Importer(815301076,1909f56bfc062723c751e8b465ee728b) (PreviewImporter) -> (artifact id: 'ae2aca1a4a13ad4e940d45f64ab8504d') in 1.1101764 seconds
Number of updated asset objects reloaded before import = 5Number of asset objects unloaded after import = 32

========================================================================
Received Import Request.
  Time since last request: 1143.416615 seconds.
  path: Assets/BEAM/vfx_verticalBeam_vtut.vfx
  artifactKey: Guid(04e9da2f8b8cee144b5992ead6684777) Importer(815301076,1909f56bfc062723c751e8b465ee728b)
Start importing Assets/BEAM/vfx_verticalBeam_vtut.vfx using Guid(04e9da2f8b8cee144b5992ead6684777) Importer(815301076,1909f56bfc062723c751e8b465ee728b) (PreviewImporter) -> (artifact id: '119bbf484145e3b579d7c647fbbb3042') in 0.9859581 seconds
Number of updated asset objects reloaded before import = 5Number of asset objects unloaded after import = 32

========================================================================
Received Import Request.
  Time since last request: 3.677268 seconds.
  path: Assets/BEAM/vfx_verticalBeam_vtut.vfx
  artifactKey: Guid(04e9da2f8b8cee144b5992ead6684777) Importer(815301076,1909f56bfc062723c751e8b465ee728b)
Start importing Assets/BEAM/vfx_verticalBeam_vtut.vfx using Guid(04e9da2f8b8cee144b5992ead6684777) Importer(815301076,1909f56bfc062723c751e8b465ee728b) (PreviewImporter) -> (artifact id: '2551efb7517b7400c6ed1c7777020fc1') in 1.2148106 seconds
Number of updated asset objects reloaded before import = 5Number of asset objects unloaded after import = 32

========================================================================
Received Import Request.
  Time since last request: 21.262440 seconds.
  path: Assets/BEAM/vfx_verticalBeam_vtut.vfx
  artifactKey: Guid(04e9da2f8b8cee144b5992ead6684777) Importer(815301076,1909f56bfc062723c751e8b465ee728b)
Start importing Assets/BEAM/vfx_verticalBeam_vtut.vfx using Guid(04e9da2f8b8cee144b5992ead6684777) Importer(815301076,1909f56bfc062723c751e8b465ee728b) (PreviewImporter) -> (artifact id: 'a23e4a9fc87c3079672b3b439d3e3649') in 0.9846576 seconds
Number of updated asset objects reloaded before import = 5Number of asset objects unloaded after import = 32

========================================================================
Received Import Request.
  Time since last request: 7.067612 seconds.
  path: Assets/BEAM/vfx_verticalBeam_vtut.vfx
  artifactKey: Guid(04e9da2f8b8cee144b5992ead6684777) Importer(815301076,1909f56bfc062723c751e8b465ee728b)
Start importing Assets/BEAM/vfx_verticalBeam_vtut.vfx using Guid(04e9da2f8b8cee144b5992ead6684777) Importer(815301076,1909f56bfc062723c751e8b465ee728b) (PreviewImporter) -> (artifact id: '72e1a002a2a253b252c7f602eb9e8839') in 0.985016 seconds
Number of updated asset objects reloaded before import = 5Number of asset objects unloaded after import = 32

========================================================================
Received Import Request.
  Time since last request: 7.962370 seconds.
  path: Assets/BEAM/vfx_verticalBeam_vtut.vfx
  artifactKey: Guid(04e9da2f8b8cee144b5992ead6684777) Importer(815301076,1909f56bfc062723c751e8b465ee728b)
Start importing Assets/BEAM/vfx_verticalBeam_vtut.vfx using Guid(04e9da2f8b8cee144b5992ead6684777) Importer(815301076,1909f56bfc062723c751e8b465ee728b) (PreviewImporter) -> (artifact id: 'dad01728dd319a7c44c1c63b89795bae') in 0.984671 seconds
Number of updated asset objects reloaded before import = 5Number of asset objects unloaded after import = 32

========================================================================
Received Import Request.
  Time since last request: 6050.902906 seconds.
  path: Assets/BEAM/test.mat
  artifactKey: Guid(3d7ec66edb8ddb140a0d6a396e98dc69) Importer(815301076,1909f56bfc062723c751e8b465ee728b)
Start importing Assets/BEAM/test.mat using Guid(3d7ec66edb8ddb140a0d6a396e98dc69) Importer(815301076,1909f56bfc062723c751e8b465ee728b) (PreviewImporter) -> (artifact id: '4fe77ccf0ba3c4ba60acd6a5a420f8a3') in 0.4358025 seconds
Number of updated asset objects reloaded before import = 5Number of asset objects unloaded after import = 6

